[2026-04-10T14:07:30Z] === ENRICH ITERATION 3 START | repo=boto/botocore sha=d831a061 ===
[2026-04-10T14:07:30Z] [iter=3] PHASE START: enrich repo=boto/botocore sha=d831a061 runlog=/home/runner/work/forx/forx/storage/aggregate/lsp/logs/d831a061-enrich-iter-003.log output=/home/runner/work/forx/forx/storage/aggregate/lsp/d831a0618fc491a30135f89f743ed12cc09280af.nq.gz
[2026-04-10T14:07:30Z] [iter=3] Step 1: Loading AST into disk-backed store mem_mb=77 MB
[2026-04-10T14:08:05Z] [iter=3] AST store loaded triples=4108951 load_secs=34 mem_mb=910 MB
[2026-04-10T14:08:05Z] [iter=3] Step 2: Finding LSP targets mem_mb=910 MB
[2026-04-10T14:08:17Z] [iter=3] LSP targets found call_sites=25589 imports=1587 extends=611 implements=0 secs=12
[2026-04-10T14:08:22Z] [iter=3] Loaded checkpoint partial graph triples=119249
[2026-04-10T14:08:33Z] [iter=3] Step 2.7: Building position index (one-shot, shared across resolvers) mem_mb=910 MB
[2026-04-10T14:08:57Z] [iter=3] Position index built positions=295341 nodes_with_types=382210 secs=23 mem_mb=1112 MB
[2026-04-10T14:08:57Z] [iter=3] Step 3: Starting LSP resolution mem_mb=1112 MB already_completed_types=[] already_completed_files=124
[2026-04-10T14:08:57Z] [iter=3] Resolving target type target_type=call_site count=25589
[2026-04-10T14:08:58Z] [iter=3] HEARTBEAT target_type=call_site elapsed_min=1.5 files_done=0 resolved=0 errors=0 current=botocore/regions.py
[2026-04-10T14:12:08Z] [iter=3] HEARTBEAT target_type=call_site elapsed_min=4.6 files_done=1 resolved=9 errors=115 current=tests/unit/docs/bcdoc/test_docstringparser.py
[2026-04-10T14:14:47Z] [iter=3] HEARTBEAT target_type=call_site elapsed_min=7.3 files_done=2 resolved=25 errors=211 current=botocore/compat.py
[2026-04-10T14:15:23Z] [iter=3] HEARTBEAT target_type=call_site elapsed_min=7.9 files_done=3 resolved=48 errors=232 current=botocore/session.py
[2026-04-10T14:21:00Z] [iter=3] HEARTBEAT target_type=call_site elapsed_min=13.5 files_done=4 resolved=73 errors=434 current=tests/unit/test_history.py
[2026-04-10T14:22:08Z] [iter=3] HEARTBEAT target_type=call_site elapsed_min=14.6 files_done=5 resolved=81 errors=475 current=tests/functional/test_waiter_config.py
[2026-04-10T14:23:21Z] [iter=3] HEARTBEAT target_type=call_site elapsed_min=15.9 files_done=7 resolved=123 errors=519 current=botocore/plugin.py
[2026-04-10T14:23:53Z] [iter=3] HEARTBEAT target_type=call_site elapsed_min=16.4 files_done=9 resolved=129 errors=538 current=tests/functional/test_httpchecksum.py
[2026-04-10T14:25:48Z] [iter=3] HEARTBEAT target_type=call_site elapsed_min=18.3 files_done=10 resolved=132 errors=607 current=tests/functional/test_h2_required.py
[2026-04-10T14:29:07Z] [iter=3] HEARTBEAT target_type=call_site elapsed_min=21.6 files_done=13 resolved=144 errors=726 current=tests/functional/test_paginate.py
[2026-04-10T14:30:17Z] [iter=3] HEARTBEAT target_type=call_site elapsed_min=22.8 files_done=14 resolved=162 errors=768 current=botocore/useragent.py
[2026-04-10T14:32:07Z] [iter=3] HEARTBEAT target_type=call_site elapsed_min=24.6 files_done=15 resolved=175 errors=834 current=tests/functional/test_service_names.py
[2026-04-10T14:33:47Z] [iter=3] HEARTBEAT target_type=call_site elapsed_min=26.3 files_done=17 resolved=205 errors=894 current=tests/integration/test_sts.py
[2026-04-10T14:34:31Z] [iter=3] HEARTBEAT target_type=call_site elapsed_min=27.0 files_done=19 resolved=207 errors=920 current=botocore/discovery.py
[2026-04-10T14:36:19Z] [iter=3] HEARTBEAT target_type=call_site elapsed_min=28.8 files_done=20 resolved=216 errors=985 current=tests/unit/docs/test_service.py
[2026-04-10T14:36:58Z] [iter=3] HEARTBEAT target_type=call_site elapsed_min=29.5 files_done=21 resolved=221 errors=1008 current=tests/functional/test_utils.py
[2026-04-10T14:40:16Z] [iter=3] HEARTBEAT target_type=call_site elapsed_min=32.8 files_done=23 resolved=275 errors=1126 current=tests/acceptance/features/steps/base.py
[2026-04-10T14:42:03Z] [iter=3] HEARTBEAT target_type=call_site elapsed_min=34.5 files_done=25 resolved=300 errors=1190 current=tests/functional/retries/test_bucket.py
[2026-04-10T14:42:36Z] [iter=3] HEARTBEAT target_type=call_site elapsed_min=35.1 files_done=26 resolved=314 errors=1210 current=tests/unit/retries/test_bucket.py
[2026-04-10T14:43:46Z] [iter=3] HEARTBEAT target_type=call_site elapsed_min=36.3 files_done=27 resolved=319 errors=1252 current=tests/functional/test_client_metadata.py
[2026-04-10T14:44:36Z] [iter=3] HEARTBEAT target_type=call_site elapsed_min=37.1 files_done=29 resolved=320 errors=1282 current=tests/unit/docs/test_docs.py
[2026-04-10T14:45:15Z] [iter=3] HEARTBEAT target_type=call_site elapsed_min=37.8 files_done=31 resolved=334 errors=1305 current=tests/unit/docs/test_waiter.py
[2026-04-10T14:46:07Z] [iter=3] HEARTBEAT target_type=call_site elapsed_min=38.6 files_done=33 resolved=336 errors=1336 current=botocore/errorfactory.py
[2026-04-10T14:47:34Z] [iter=3] HEARTBEAT target_type=call_site elapsed_min=40.1 files_done=36 resolved=347 errors=1388 current=tests/acceptance/features/environment.py
[2026-04-10T14:48:22Z] [iter=3] HEARTBEAT target_type=call_site elapsed_min=40.9 files_done=38 resolved=366 errors=1417 current=botocore/docs/waiter.py
[2026-04-10T14:49:21Z] [iter=3] HEARTBEAT target_type=call_site elapsed_min=41.9 files_done=39 resolved=368 errors=1452 current=tests/unit/docs/test_client.py
[2026-04-10T14:50:11Z] [iter=3] HEARTBEAT target_type=call_site elapsed_min=42.7 files_done=40 resolved=372 errors=1482 current=botocore/docs/paginator.py
[2026-04-10T14:51:21Z] [iter=3] HEARTBEAT target_type=call_site elapsed_min=43.9 files_done=41 resolved=377 errors=1524 current=tests/integration/test_smoke.py
[2026-04-10T14:52:04Z] [iter=3] HEARTBEAT target_type=call_site elapsed_min=44.6 files_done=42 resolved=388 errors=1550 current=tests/functional/test_modeled_exceptions.py
[2026-04-10T14:52:41Z] [iter=3] HEARTBEAT target_type=call_site elapsed_min=45.2 files_done=43 resolved=390 errors=1572 current=tests/functional/test_dynamodb.py
[2026-04-10T14:53:43Z] [iter=3] HEARTBEAT target_type=call_site elapsed_min=46.2 files_done=45 resolved=401 errors=1609 current=tests/functional/test_query_compatibility.py
[2026-04-10T14:54:56Z] [iter=3] HEARTBEAT target_type=call_site elapsed_min=47.4 files_done=47 resolved=404 errors=1653 current=tests/functional/docs/test_shared_example_config.py
[2026-04-10T14:55:42Z] [iter=3] HEARTBEAT target_type=call_site elapsed_min=48.2 files_done=48 resolved=411 errors=1681 current=tests/functional/test_service_alias.py
[2026-04-10T14:56:23Z] [iter=3] HEARTBEAT target_type=call_site elapsed_min=48.9 files_done=51 resolved=421 errors=1706 current=botocore/docs/params.py
[2026-04-10T14:58:52Z] [iter=3] HEARTBEAT target_type=call_site elapsed_min=51.4 files_done=52 resolved=426 errors=1797 current=tests/unit/docs/test_sharedexample.py
[2026-04-10T15:00:06Z] [iter=3] HEARTBEAT target_type=call_site elapsed_min=52.6 files_done=53 resolved=432 errors=1841 current=tests/functional/conftest.py
[2026-04-10T15:00:57Z] [iter=3] HEARTBEAT target_type=call_site elapsed_min=53.5 files_done=56 resolved=443 errors=1872 current=botocore/tokens.py
[2026-04-10T15:02:28Z] [iter=3] HEARTBEAT target_type=call_site elapsed_min=55.0 files_done=57 resolved=449 errors=1927 current=tests/unit/docs/test_docstring.py
[2026-04-10T15:03:05Z] [iter=3] HEARTBEAT target_type=call_site elapsed_min=55.6 files_done=58 resolved=464 errors=1950 current=tests/functional/test_history.py
[2026-04-10T15:04:06Z] [iter=3] HEARTBEAT target_type=call_site elapsed_min=56.6 files_done=59 resolved=471 errors=1987 current=tests/functional/test_s3_control.py
[2026-04-10T15:05:24Z] [iter=3] HEARTBEAT target_type=call_site elapsed_min=57.9 files_done=61 resolved=481 errors=2034 current=botocore/vendored/requests/exceptions.py
[2026-04-10T15:06:01Z] [iter=3] HEARTBEAT target_type=call_site elapsed_min=58.5 files_done=63 resolved=497 errors=2057 current=setup.py
[2026-04-10T15:07:05Z] [iter=3] HEARTBEAT target_type=call_site elapsed_min=59.6 files_done=66 resolved=529 errors=2095 current=tests/unit/test_errorfactory.py
[2026-04-10T15:07:50Z] [iter=3] HEARTBEAT target_type=call_site elapsed_min=60.3 files_done=67 resolved=537 errors=2122 current=tests/functional/test_auth_config.py
[2026-04-10T15:08:24Z] [iter=3] HEARTBEAT target_type=call_site elapsed_min=60.9 files_done=68 resolved=542 errors=2143 current=tests/functional/utils/credentialprocess.py
[2026-04-10T15:09:58Z] [iter=3] HEARTBEAT target_type=call_site elapsed_min=62.5 files_done=72 resolved=556 errors=2200 current=tests/functional/test_model_completeness.py
[2026-04-10T15:11:02Z] [iter=3] HEARTBEAT target_type=call_site elapsed_min=63.5 files_done=75 resolved=572 errors=2239 current=tests/integration/test_apigateway.py
[2026-04-10T15:11:35Z] [iter=3] HEARTBEAT target_type=call_site elapsed_min=64.1 files_done=78 resolved=579 errors=2259 current=tests/functional/test_event_alias.py
[2026-04-10T15:12:13Z] [iter=3] HEARTBEAT target_type=call_site elapsed_min=64.7 files_done=80 resolved=582 errors=2282 current=tests/functional/docs/test_streaming_body.py
[2026-04-10T15:13:25Z] [iter=3] HEARTBEAT target_type=call_site elapsed_min=65.9 files_done=82 resolved=582 errors=2326 current=tests/unit/docs/test_method.py
[2026-04-10T15:14:49Z] [iter=3] HEARTBEAT target_type=call_site elapsed_min=67.3 files_done=83 resolved=587 errors=2377 current=tests/functional/test_alias.py
[2026-04-10T15:15:37Z] [iter=3] HEARTBEAT target_type=call_site elapsed_min=68.1 files_done=86 resolved=607 errors=2406 current=tests/functional/test_client.py
[2026-04-10T15:16:23Z] [iter=3] HEARTBEAT target_type=call_site elapsed_min=68.9 files_done=90 resolved=613 errors=2434 current=tests/integration/test_session.py
[2026-04-10T15:16:59Z] [iter=3] HEARTBEAT target_type=call_site elapsed_min=69.5 files_done=93 resolved=616 errors=2456 current=botocore/docs/__init__.py
[2026-04-10T15:18:23Z] [iter=3] HEARTBEAT target_type=call_site elapsed_min=70.9 files_done=96 resolved=633 errors=2507 current=tests/integration/test_emr.py
[2026-04-10T15:19:01Z] [iter=3] HEARTBEAT target_type=call_site elapsed_min=71.5 files_done=98 resolved=644 errors=2530 current=tests/functional/test_rds.py
[2026-04-10T15:19:36Z] [iter=3] HEARTBEAT target_type=call_site elapsed_min=72.1 files_done=99 resolved=648 errors=2551 current=tests/functional/test_events.py
[2026-04-10T15:20:18Z] [iter=3] HEARTBEAT target_type=call_site elapsed_min=72.8 files_done=102 resolved=656 errors=2577 current=tests/unit/retries/test_quota.py
[2026-04-10T15:20:55Z] [iter=3] HEARTBEAT target_type=call_site elapsed_min=73.4 files_done=103 resolved=656 errors=2599 current=tests/unit/auth/test_auth_trait.py
[2026-04-10T15:21:36Z] [iter=3] HEARTBEAT target_type=call_site elapsed_min=74.1 files_done=106 resolved=663 errors=2624 current=botocore/retries/bucket.py
[2026-04-10T15:22:07Z] [iter=3] HEARTBEAT target_type=call_site elapsed_min=74.6 files_done=108 resolved=674 errors=2643 current=tests/functional/test_glacier.py
[2026-04-10T15:22:55Z] [iter=3] HEARTBEAT target_type=call_site elapsed_min=75.4 files_done=109 resolved=676 errors=2672 current=tests/unit/__init__.py
[2026-04-10T15:23:36Z] [iter=3] HEARTBEAT target_type=call_site elapsed_min=76.1 files_done=112 resolved=679 errors=2697 current=botocore/retries/quota.py
[2026-04-10T15:24:33Z] [iter=3] HEARTBEAT target_type=call_site elapsed_min=77.1 files_done=118 resolved=689 errors=2732 current=tests/functional/plugins/recursive_plugin_test_module.py
[2026-04-10T15:25:08Z] [iter=3] HEARTBEAT target_type=call_site elapsed_min=77.6 files_done=121 resolved=691 errors=2753 current=tests/unit/test_plugin.py
[2026-04-10T15:25:39Z] [iter=3] HEARTBEAT target_type=call_site elapsed_min=78.2 files_done=124 resolved=706 errors=2772 current=tests/functional/test_bedrock_runtime.py
[2026-04-10T15:26:15Z] [iter=3] HEARTBEAT target_type=call_site elapsed_min=78.8 files_done=129 resolved=713 errors=2794 current=tests/integration/test_cloudwatch.py
[2026-04-10T15:26:55Z] [iter=3] HEARTBEAT target_type=call_site elapsed_min=79.4 files_done=133 resolved=717 errors=2818 current=tests/integration/test_route53.py
[2026-04-10T15:27:28Z] [iter=3] HEARTBEAT target_type=call_site elapsed_min=80.0 files_done=137 resolved=728 errors=2838 current=tests/functional/docs/test_autoscaling.py
[2026-04-10T15:28:57Z] [iter=3] Target type resolved target_type=call_site resolved=762 errors=2891 secs=4800 mem_mb=1130 MB
[2026-04-10T15:28:57Z] [iter=3] Resolving target type target_type=import_statement count=1587
[2026-04-10T15:28:58Z] [iter=3] HEARTBEAT target_type=import_statement elapsed_min=81.5 files_done=0 resolved=0 errors=0 current=botocore/docs/__init__.py
[2026-04-10T15:29:01Z] [iter=3] Target type resolved target_type=import_statement resolved=481 errors=0 secs=4 mem_mb=1130 MB
[2026-04-10T15:29:01Z] [iter=3] Resolving target type target_type=extends_clause count=611
[2026-04-10T15:29:03Z] [iter=3] Target type resolved target_type=extends_clause resolved=236 errors=0 secs=2 mem_mb=1130 MB
[2026-04-10T15:29:26Z] [iter=3] Step 5: Writing final enrichment file triples=225718
[2026-04-10T15:29:31Z] [iter=3] Enrichment file written path=/home/runner/work/forx/forx/storage/aggregate/lsp/d831a0618fc491a30135f89f743ed12cc09280af.nq.gz size_kb=5366
[2026-04-10T15:29:31Z] [iter=3] Checkpoint cleared (enrichment complete)
[2026-04-10T15:29:31Z] [iter=3] PHASE END: enrich elapsed_s=4921 elapsed_min=82.0 total_triples=225718
